2025-12-04 16:54:36,603 - RouteDecisionDataset - INFO - Loading data from outputs/train_samples.jsonl...
2025-12-04 16:54:36,818 - RouteDecisionDataset - INFO - Loaded 9018 samples
2025-12-04 16:54:36,818 - RouteDecisionDataset - INFO - Formatting samples...
2025-12-04 16:54:37,130 - RouteDecisionDataset - INFO - Created dataset with 9018 samples
2025-12-04 16:54:37,138 - RouteDecisionDataset - INFO - Loading data from outputs/validation_samples.jsonl...
2025-12-04 16:54:37,153 - RouteDecisionDataset - INFO - Loaded 1002 samples
2025-12-04 16:54:37,153 - RouteDecisionDataset - INFO - Formatting samples...
2025-12-04 16:54:37,177 - RouteDecisionDataset - INFO - Created dataset with 1002 samples
2025-12-04 16:54:37,177 - RouteDecisionDataset - INFO - Train: 9018 samples, Val: 1002 samples
2025-12-06 05:12:28,848 - RouteDecisionDataset - INFO - Loading data from outputs/train_samples.jsonl...
2025-12-06 05:12:28,981 - RouteDecisionDataset - INFO - Loaded 9018 samples
2025-12-06 05:12:28,981 - RouteDecisionDataset - INFO - Formatting samples...
2025-12-06 05:12:29,302 - RouteDecisionDataset - INFO - Created dataset with 9018 samples
2025-12-06 05:12:29,312 - RouteDecisionDataset - INFO - Loading data from outputs/validation_samples.jsonl...
2025-12-06 05:12:29,326 - RouteDecisionDataset - INFO - Loaded 1002 samples
2025-12-06 05:12:29,326 - RouteDecisionDataset - INFO - Formatting samples...
2025-12-06 05:12:29,356 - RouteDecisionDataset - INFO - Created dataset with 1002 samples
2025-12-06 05:12:29,357 - RouteDecisionDataset - INFO - Train: 9018 samples, Val: 1002 samples
2025-12-06 05:15:55,978 - RouteDecisionDataset - INFO - Loading data from outputs/train_samples.jsonl...
2025-12-06 05:15:56,112 - RouteDecisionDataset - INFO - Loaded 9018 samples
2025-12-06 05:15:56,112 - RouteDecisionDataset - INFO - Formatting samples...
2025-12-06 05:15:56,441 - RouteDecisionDataset - INFO - Created dataset with 9018 samples
2025-12-06 05:15:56,451 - RouteDecisionDataset - INFO - Loading data from outputs/validation_samples.jsonl...
2025-12-06 05:15:56,464 - RouteDecisionDataset - INFO - Loaded 1002 samples
2025-12-06 05:15:56,465 - RouteDecisionDataset - INFO - Formatting samples...
2025-12-06 05:15:56,496 - RouteDecisionDataset - INFO - Created dataset with 1002 samples
2025-12-06 05:15:56,496 - RouteDecisionDataset - INFO - Train: 9018 samples, Val: 1002 samples
2025-12-06 05:19:33,267 - RouteDecisionDataset - INFO - Loading data from outputs/train_samples.jsonl...
2025-12-06 05:19:33,401 - RouteDecisionDataset - INFO - Loaded 9018 samples
2025-12-06 05:19:33,401 - RouteDecisionDataset - INFO - Formatting samples...
2025-12-06 05:19:33,727 - RouteDecisionDataset - INFO - Created dataset with 9018 samples
2025-12-06 05:19:33,738 - RouteDecisionDataset - INFO - Loading data from outputs/validation_samples.jsonl...
2025-12-06 05:19:33,751 - RouteDecisionDataset - INFO - Loaded 1002 samples
2025-12-06 05:19:33,751 - RouteDecisionDataset - INFO - Formatting samples...
2025-12-06 05:19:33,785 - RouteDecisionDataset - INFO - Created dataset with 1002 samples
2025-12-06 05:19:33,786 - RouteDecisionDataset - INFO - Train: 9018 samples, Val: 1002 samples
2025-12-06 05:24:51,616 - RouteDecisionDataset - INFO - Loading data from outputs/train_samples.jsonl...
2025-12-06 05:24:51,748 - RouteDecisionDataset - INFO - Loaded 9018 samples
2025-12-06 05:24:51,748 - RouteDecisionDataset - INFO - Formatting samples...
2025-12-06 05:24:52,079 - RouteDecisionDataset - INFO - Created dataset with 9018 samples
2025-12-06 05:24:52,090 - RouteDecisionDataset - INFO - Loading data from outputs/validation_samples.jsonl...
2025-12-06 05:24:52,103 - RouteDecisionDataset - INFO - Loaded 1002 samples
2025-12-06 05:24:52,103 - RouteDecisionDataset - INFO - Formatting samples...
2025-12-06 05:24:52,135 - RouteDecisionDataset - INFO - Created dataset with 1002 samples
2025-12-06 05:24:52,135 - RouteDecisionDataset - INFO - Train: 9018 samples, Val: 1002 samples
2025-12-11 19:29:29,467 - RouteDecisionDataset - INFO - Loading data from outputs/train_samples.jsonl...
