2025-12-04 16:42:28,340 - ScenarioGenerator - INFO - Loaded 1002 personas
2025-12-04 16:42:28,340 - ScenarioGenerator - INFO - Generating scenarios for 1002 personas...
2025-12-04 16:42:28,514 - ScenarioGenerator - INFO - Progress: 100/1002 personas (1000 scenarios)
2025-12-04 16:42:28,610 - ScenarioGenerator - WARNING - Invalid scenario CN_0242_S10, regenerating...
2025-12-04 16:42:28,660 - ScenarioGenerator - WARNING - Invalid scenario CN_0294_S01, regenerating...
2025-12-04 16:42:28,673 - ScenarioGenerator - INFO - Progress: 200/1002 personas (2000 scenarios)
2025-12-04 16:42:28,714 - ScenarioGenerator - WARNING - Invalid scenario CN_0338_S07, regenerating...
2025-12-04 16:42:28,829 - ScenarioGenerator - INFO - Progress: 300/1002 personas (3000 scenarios)
2025-12-04 16:42:28,840 - ScenarioGenerator - WARNING - Invalid scenario CN_0455_S08, regenerating...
2025-12-04 16:42:28,909 - ScenarioGenerator - WARNING - Invalid scenario CN_0513_S06, regenerating...
2025-12-04 16:42:28,983 - ScenarioGenerator - WARNING - Invalid scenario CN_0595_S07, regenerating...
2025-12-04 16:42:28,991 - ScenarioGenerator - INFO - Progress: 400/1002 personas (4000 scenarios)
2025-12-04 16:42:29,022 - ScenarioGenerator - WARNING - Invalid scenario CN_0630_S10, regenerating...
2025-12-04 16:42:29,083 - ScenarioGenerator - WARNING - Invalid scenario CN_0689_S01, regenerating...
2025-12-04 16:42:29,083 - ScenarioGenerator - WARNING - Invalid scenario CN_0689_S02, regenerating...
2025-12-04 16:42:29,084 - ScenarioGenerator - WARNING - Invalid scenario CN_0689_S06, regenerating...
2025-12-04 16:42:29,105 - ScenarioGenerator - WARNING - Invalid scenario CN_0710_S08, regenerating...
2025-12-04 16:42:29,118 - ScenarioGenerator - WARNING - Invalid scenario CN_0725_S06, regenerating...
2025-12-04 16:42:29,155 - ScenarioGenerator - INFO - Progress: 500/1002 personas (5000 scenarios)
2025-12-04 16:42:29,159 - ScenarioGenerator - WARNING - Invalid scenario CN_0762_S08, regenerating...
2025-12-04 16:42:29,210 - ScenarioGenerator - WARNING - Invalid scenario CN_0807_S03, regenerating...
2025-12-04 16:42:29,223 - ScenarioGenerator - WARNING - Invalid scenario CN_0825_S08, regenerating...
2025-12-04 16:42:29,291 - ScenarioGenerator - WARNING - Invalid scenario CN_0883_S05, regenerating...
2025-12-04 16:42:29,313 - ScenarioGenerator - INFO - Progress: 600/1002 personas (6000 scenarios)
2025-12-04 16:42:29,332 - ScenarioGenerator - WARNING - Invalid scenario CN_0931_S02, regenerating...
2025-12-04 16:42:29,334 - ScenarioGenerator - WARNING - Invalid scenario CN_0931_S10, regenerating...
2025-12-04 16:42:29,365 - ScenarioGenerator - WARNING - Invalid scenario CN_0959_S03, regenerating...
2025-12-04 16:42:29,366 - ScenarioGenerator - WARNING - Invalid scenario CN_0959_S06, regenerating...
2025-12-04 16:42:29,468 - ScenarioGenerator - WARNING - Invalid scenario CN_1062_S10, regenerating...
2025-12-04 16:42:29,473 - ScenarioGenerator - INFO - Progress: 700/1002 personas (7000 scenarios)
2025-12-04 16:42:29,502 - ScenarioGenerator - WARNING - Invalid scenario CN_1088_S10, regenerating...
2025-12-04 16:42:29,515 - ScenarioGenerator - WARNING - Invalid scenario CN_1100_S04, regenerating...
2025-12-04 16:42:29,516 - ScenarioGenerator - WARNING - Invalid scenario CN_1100_S08, regenerating...
2025-12-04 16:42:29,516 - ScenarioGenerator - WARNING - Invalid scenario CN_1100_S09, regenerating...
2025-12-04 16:42:29,575 - ScenarioGenerator - WARNING - Invalid scenario CN_1155_S01, regenerating...
2025-12-04 16:42:29,575 - ScenarioGenerator - WARNING - Invalid scenario CN_1155_S02, regenerating...
2025-12-04 16:42:29,576 - ScenarioGenerator - WARNING - Invalid scenario CN_1155_S03, regenerating...
2025-12-04 16:42:29,576 - ScenarioGenerator - WARNING - Invalid scenario CN_1155_S04, regenerating...
2025-12-04 16:42:29,577 - ScenarioGenerator - WARNING - Invalid scenario CN_1155_S05, regenerating...
2025-12-04 16:42:29,577 - ScenarioGenerator - WARNING - Invalid scenario CN_1155_S09, regenerating...
2025-12-04 16:42:29,633 - ScenarioGenerator - WARNING - Invalid scenario CN_1207_S01, regenerating...
2025-12-04 16:42:29,634 - ScenarioGenerator - WARNING - Invalid scenario CN_1207_S04, regenerating...
2025-12-04 16:42:29,635 - ScenarioGenerator - WARNING - Invalid scenario CN_1207_S09, regenerating...
2025-12-04 16:42:29,636 - ScenarioGenerator - INFO - Progress: 800/1002 personas (8000 scenarios)
2025-12-04 16:42:29,683 - ScenarioGenerator - WARNING - Invalid scenario CN_1255_S01, regenerating...
2025-12-04 16:42:29,684 - ScenarioGenerator - WARNING - Invalid scenario CN_1255_S02, regenerating...
2025-12-04 16:42:29,685 - ScenarioGenerator - WARNING - Invalid scenario CN_1255_S05, regenerating...
2025-12-04 16:42:29,685 - ScenarioGenerator - WARNING - Invalid scenario CN_1255_S08, regenerating...
2025-12-04 16:42:29,794 - ScenarioGenerator - INFO - Progress: 900/1002 personas (9000 scenarios)
2025-12-04 16:42:29,911 - ScenarioGenerator - WARNING - Invalid scenario CN_1457_S03, regenerating...
2025-12-04 16:42:29,953 - ScenarioGenerator - INFO - Progress: 1000/1002 personas (10000 scenarios)
2025-12-04 16:42:29,956 - ScenarioGenerator - INFO - Generated 10020 scenarios in total
2025-12-04 16:42:30,424 - ScenarioGenerator - INFO - Saved 10020 scenarios to outputs/scenarios.json
2025-12-04 16:42:30,425 - ScenarioGenerator - INFO - Saved statistics to outputs/scenario_statistics.json
